[2014-11-17 16:29:09] START
[2014-11-17 16:32:24] EDIT sentinella/views/default/index.html: -31
[2014-11-17 16:33:00] EDIT sentinella/views/default/index.html: 1
[2014-11-17 16:33:40] EDIT sentinella/views/default/index.html: 104
[2014-11-17 16:42:31] EDIT sentinella/views/default/index.html: -2
[2014-11-17 16:44:07] EDIT sentinella/views/default/index.html: 0
[2014-11-17 16:44:12] EDIT sentinella/views/default/index.html: 0
[2014-11-17 16:44:28] EDIT sentinella/views/default/index.html: 0
[2014-11-17 16:45:28] EDIT sentinella/views/default/index.html: -1
[2014-11-17 16:45:35] EDIT sentinella/views/default/index.html: 1
[2014-11-17 16:49:44] EDIT sentinella/views/layout.html: -21
[2014-11-17 16:50:11] EDIT sentinella/views/layout.html: 5
[2014-11-17 16:50:59] EDIT sentinella/views/layout.html: -10
[2014-11-17 16:51:11] EDIT sentinella/views/layout.html: -9
[2014-11-17 16:51:30] EDIT sentinella/views/layout.html: -2
[2014-11-17 16:51:40] EDIT sentinella/views/layout.html: 2
[2014-11-17 16:53:41] EDIT sentinella/views/layout.html: 0
[2014-11-18 14:56:04] EDIT sentinella/views/default/index.html: 0
[2014-11-18 14:56:29] EDIT sentinella/views/default/index.html: 0
[2014-11-18 14:56:37] EDIT sentinella/views/default/index.html: 0
[2014-11-18 14:57:13] EDIT sentinella/views/default/index.html: 0
[2014-11-18 14:59:17] EDIT sentinella/views/default/index.html: 0
[2014-11-18 14:59:22] EDIT sentinella/views/default/index.html: 0
