INFO:root:Start the application
INFO:root:Collector listen on 8888 port
INFO:root:New client connected
DEBUG:root:{"function": "cpu_count", "value": 1, "agent": "stal0008"}
DEBUG:root:{"function": "cpu_count_logical", "value": 8, "agent": "stal0008"}
DEBUG:root:{"function": "cpu_count", "value": 1, "agent": "stal0008"}
DEBUG:root:{"function": "cpu_count_logical", "value": 8, "agent": "stal0008"}
DEBUG:root:{"function": "cpu_count", "value": 1, "agent": "stal0008"}
DEBUG:root:{"function": "cpu_count_logical", "value": 8, "agent": "stal0008"}
DEBUG:root:{"function": "cpu_count", "value": 1, "agent": "stal0008"}
DEBUG:root:{"function": "cpu_count_logical", "value": 8, "agent": "stal0008"}
DEBUG:root:{"function": "cpu_count", "value": 1, "agent": "stal0008"}
DEBUG:root:{"function": "cpu_count_logical", "value": 8, "agent": "stal0008"}
DEBUG:root:{"function": "cpu_count", "value": 1, "agent": "stal0008"}
DEBUG:root:{"function": "cpu_count_logical", "value": 8, "agent": "stal0008"}
DEBUG:root:{"function": "cpu_count", "value": 1, "agent": "stal0008"}
DEBUG:root:{"function": "cpu_count_logical", "value": 8, "agent": "stal0008"}
DEBUG:root:{"function": "cpu_count", "value": 1, "agent": "stal0008"}
DEBUG:root:{"function": "cpu_count_logical", "value": 8, "agent": "stal0008"}
DEBUG:root:{"function": "cpu_count", "value": 1, "agent": "stal0008"}
DEBUG:root:{"function": "cpu_count_logical", "value": 8, "agent": "stal0008"}
DEBUG:root:{"function": "cpu_count", "value": 1, "agent": "stal0008"}
DEBUG:root:{"function": "cpu_count_logical", "value": 8, "agent": "stal0008"}
DEBUG:root:{"function": "cpu_count", "value": 1, "agent": "stal0008"}
DEBUG:root:{"function": "cpu_count_logical", "value": 8, "agent": "stal0008"}
DEBUG:root:{"function": "cpu_count", "value": 1, "agent": "stal0008"}
DEBUG:root:{"function": "cpu_count_logical", "value": 8, "agent": "stal0008"}
DEBUG:root:{"function": "cpu_count", "value": 1, "agent": "stal0008"}
DEBUG:root:{"function": "cpu_count_logical", "value": 8, "agent": "stal0008"}
DEBUG:root:{"function": "cpu_count", "value": 1, "agent": "stal0008"}
DEBUG:root:{"function": "cpu_count_logical", "value": 8, "agent": "stal0008"}
DEBUG:root:{"function": "cpu_count", "value": 1, "agent": "stal0008"}
DEBUG:root:{"function": "cpu_count_logical", "value": 8, "agent": "stal0008"}
DEBUG:root:{"function": "cpu_count", "value": 1, "agent": "stal0008"}
DEBUG:root:{"function": "cpu_count_logical", "value": 8, "agent": "stal0008"}
DEBUG:root:{"function": "cpu_count", "value": 1, "agent": "stal0008"}
DEBUG:root:{"function": "cpu_count_logical", "value": 8, "agent": "stal0008"}
DEBUG:root:{"function": "cpu_count", "value": 1, "agent": "stal0008"}
DEBUG:root:{"function": "cpu_count_logical", "value": 8, "agent": "stal0008"}
DEBUG:root:{"function": "cpu_count", "value": 1, "agent": "stal0008"}
DEBUG:root:{"function": "cpu_count_logical", "value": 8, "agent": "stal0008"}
INFO:root:Client disconnected
INFO:root:New client connected
DEBUG:root:{"function": "cpu_count", "value": "solved", "agent": "stal0008"}
DEBUG:root:{"function": "cpu_count_logical", "value": "solved", "agent": "stal0008"}
INFO:root:Client disconnected
INFO:root:New client connected
DEBUG:root:{"function": "cpu_count", "value": 1, "agent": "stal0008"}
DEBUG:root:{"function": "cpu_count_logical", "value": 8, "agent": "stal0008"}
DEBUG:root:{"function": "cpu_count", "value": 1, "agent": "stal0008"}
DEBUG:root:{"function": "cpu_count_logical", "value": 8, "agent": "stal0008"}
DEBUG:root:{"function": "cpu_count", "value": 1, "agent": "stal0008"}
DEBUG:root:{"function": "cpu_count_logical", "value": 8, "agent": "stal0008"}
DEBUG:root:{"function": "cpu_count", "value": 1, "agent": "stal0008"}
DEBUG:root:{"function": "cpu_count_logical", "value": 8, "agent": "stal0008"}
DEBUG:root:{"function": "cpu_count", "value": 1, "agent": "stal0008"}
DEBUG:root:{"function": "cpu_count_logical", "value": 8, "agent": "stal0008"}
DEBUG:root:{"function": "cpu_count", "value": 1, "agent": "stal0008"}
DEBUG:root:{"function": "cpu_count_logical", "value": 8, "agent": "stal0008"}
DEBUG:root:{"function": "cpu_count", "value": 1, "agent": "stal0008"}
DEBUG:root:{"function": "cpu_count_logical", "value": 8, "agent": "stal0008"}
DEBUG:root:{"function": "cpu_count", "value": 1, "agent": "stal0008"}
DEBUG:root:{"function": "cpu_count_logical", "value": 8, "agent": "stal0008"}
DEBUG:root:{"function": "cpu_count", "value": 1, "agent": "stal0008"}
DEBUG:root:{"function": "cpu_count_logical", "value": 8, "agent": "stal0008"}
DEBUG:root:{"function": "cpu_count", "value": 1, "agent": "stal0008"}
DEBUG:root:{"function": "cpu_count_logical", "value": 8, "agent": "stal0008"}
DEBUG:root:{"function": "cpu_count", "value": 1, "agent": "stal0008"}
DEBUG:root:{"function": "cpu_count_logical", "value": 8, "agent": "stal0008"}
DEBUG:root:{"function": "cpu_count", "value": 1, "agent": "stal0008"}
DEBUG:root:{"function": "cpu_count_logical", "value": 8, "agent": "stal0008"}
DEBUG:root:{"function": "cpu_count", "value": 1, "agent": "stal0008"}
DEBUG:root:{"function": "cpu_count_logical", "value": 8, "agent": "stal0008"}
DEBUG:root:{"function": "cpu_count", "value": 1, "agent": "stal0008"}
DEBUG:root:{"function": "cpu_count_logical", "value": 8, "agent": "stal0008"}
DEBUG:root:{"function": "cpu_count", "value": 1, "agent": "stal0008"}
DEBUG:root:{"function": "cpu_count_logical", "value": 8, "agent": "stal0008"}
DEBUG:root:{"function": "cpu_count", "value": 1, "agent": "stal0008"}
DEBUG:root:{"function": "cpu_count_logical", "value": 8, "agent": "stal0008"}
DEBUG:root:{"function": "cpu_count", "value": 1, "agent": "stal0008"}
DEBUG:root:{"function": "cpu_count_logical", "value": 8, "agent": "stal0008"}
INFO:root:Client disconnected
INFO:root:New client connected
DEBUG:root:{"function": "cpu_count", "value": "solved", "agent": "stal0008"}
DEBUG:root:{"function": "cpu_count_logical", "value": "solved", "agent": "stal0008"}
INFO:root:Client disconnected
INFO:root:New client connected
DEBUG:root:{"function": "cpu_count", "value": "solved", "agent": "stal0008"}
DEBUG:root:{"function": "cpu_count_logical", "value": "solved", "agent": "stal0008"}
INFO:root:Client disconnected
INFO:root:New client connected
DEBUG:root:{"function": "cpu_count", "value": "solved", "agent": "stal0008"}
DEBUG:root:{"function": "cpu_count_logical", "value": "solved", "agent": "stal0008"}
INFO:root:Client disconnected
INFO:root:New client connected
DEBUG:root:{"function": "cpu_count", "value": 1, "agent": "stal0008"}
DEBUG:root:{"function": "cpu_count_logical", "value": 8, "agent": "stal0008"}
DEBUG:root:{"function": "cpu_count", "value": 1, "agent": "stal0008"}
DEBUG:root:{"function": "cpu_count_logical", "value": 8, "agent": "stal0008"}
DEBUG:root:{"function": "cpu_count", "value": 1, "agent": "stal0008"}
DEBUG:root:{"function": "cpu_count_logical", "value": 8, "agent": "stal0008"}
DEBUG:root:{"function": "cpu_count", "value": 1, "agent": "stal0008"}
DEBUG:root:{"function": "cpu_count_logical", "value": 8, "agent": "stal0008"}
DEBUG:root:{"function": "cpu_count", "value": 1, "agent": "stal0008"}
DEBUG:root:{"function": "cpu_count_logical", "value": 8, "agent": "stal0008"}
DEBUG:root:{"function": "cpu_count", "value": 1, "agent": "stal0008"}
DEBUG:root:{"function": "cpu_count_logical", "value": 8, "agent": "stal0008"}
DEBUG:root:{"function": "cpu_count", "value": 1, "agent": "stal0008"}
DEBUG:root:{"function": "cpu_count_logical", "value": 8, "agent": "stal0008"}
DEBUG:root:{"function": "cpu_count", "value": 1, "agent": "stal0008"}
DEBUG:root:{"function": "cpu_count_logical", "value": 8, "agent": "stal0008"}
DEBUG:root:{"function": "cpu_count", "value": 1, "agent": "stal0008"}
DEBUG:root:{"function": "cpu_count_logical", "value": 8, "agent": "stal0008"}
DEBUG:root:{"function": "cpu_count", "value": 1, "agent": "stal0008"}
DEBUG:root:{"function": "cpu_count_logical", "value": 8, "agent": "stal0008"}
DEBUG:root:{"function": "cpu_count", "value": 1, "agent": "stal0008"}
DEBUG:root:{"function": "cpu_count_logical", "value": 8, "agent": "stal0008"}
INFO:root:Client disconnected
INFO:root:New client connected
DEBUG:root:{"function": "cpu_count", "value": "solved", "agent": "stal0008"}
DEBUG:root:{"function": "cpu_count_logical", "value": "solved", "agent": "stal0008"}
